<?xml version="1.0" encoding="UTF-8"?>
<coverage generated="1651449980381" clover="3.2.0">
  <project timestamp="1651449980381" name="All files">
    <metrics statements="19" coveredstatements="15" conditionals="2" coveredconditionals="0" methods="3" coveredmethods="2" elements="24" coveredelements="17" complexity="0" loc="19" ncloc="19" packages="2" files="2" classes="2"/>
    <package name="jest-config-files">
      <metrics statements="17" coveredstatements="13" conditionals="2" coveredconditionals="0" methods="3" coveredmethods="2"/>
      <file name="setup-test-db.js" path="/Users/richie/Desktop/projects/express-test/jest-config-files/setup-test-db.js">
        <metrics statements="17" coveredstatements="13" conditionals="2" coveredconditionals="0" methods="3" coveredmethods="2"/>
        <line num="1" count="1" type="stmt"/>
        <line num="2" count="1" type="stmt"/>
        <line num="9" count="1" type="stmt"/>
        <line num="15" count="1" type="stmt"/>
        <line num="17" count="1" type="stmt"/>
        <line num="19" count="1" type="stmt"/>
        <line num="21" count="1" type="stmt"/>
        <line num="22" count="1" type="stmt"/>
        <line num="26" count="1" type="stmt"/>
        <line num="27" count="1" type="stmt"/>
        <line num="28" count="1" type="stmt"/>
        <line num="32" count="1" type="stmt"/>
        <line num="33" count="0" type="stmt"/>
        <line num="36" count="0" type="stmt"/>
        <line num="37" count="0" type="cond" truecount="0" falsecount="2"/>
        <line num="38" count="0" type="stmt"/>
        <line num="43" count="1" type="stmt"/>
      </file>
    </package>
    <package name="models">
      <metrics statements="2" coveredstatements="2" conditionals="0" coveredconditionals="0" methods="0" coveredmethods="0"/>
      <file name="mentors.model.js" path="/Users/richie/Desktop/projects/express-test/models/mentors.model.js">
        <metrics statements="2" coveredstatements="2" conditionals="0" coveredconditionals="0" methods="0" coveredmethods="0"/>
        <line num="1" count="1" type="stmt"/>
        <line num="3" count="1" type="stmt"/>
      </file>
    </package>
  </project>
</coverage>
